{
  "stats": {
    "suites": 11,
    "tests": 10,
    "passes": 10,
    "pending": 0,
    "failures": 0,
    "start": "2024-11-03T09:58:42.660Z",
    "end": "2024-11-03T09:58:44.859Z",
    "duration": 2199,
    "testsRegistered": 10,
    "passPercent": 100,
    "pendingPercent": 0,
    "other": 0,
    "hasOther": false,
    "skipped": 0,
    "hasSkipped": false
  },
  "results": [
    {
      "uuid": "b017928e-a1bc-4636-8e28-ad523a862c00",
      "title": "",
      "fullFile": "cypress\\e2e\\2-advanced-examples\\cypress_api.cy.js",
      "file": "cypress\\e2e\\2-advanced-examples\\cypress_api.cy.js",
      "beforeHooks": [],
      "afterHooks": [],
      "tests": [],
      "suites": [
        {
          "uuid": "9c1c051d-9e7f-49d6-9d1e-c331078133d2",
          "title": "Cypress APIs",
          "fullFile": "",
          "file": "",
          "beforeHooks": [],
          "afterHooks": [],
          "tests": [],
          "suites": [
            {
              "uuid": "6493962c-fee7-4c67-b719-ce5053cc7827",
              "title": "Cypress.Commands",
              "fullFile": "",
              "file": "",
              "beforeHooks": [],
              "afterHooks": [],
              "tests": [
                {
                  "title": ".add() - create a custom command",
                  "fullTitle": "Cypress APIs Cypress.Commands .add() - create a custom command",
                  "timedOut": null,
                  "duration": 217,
                  "state": "passed",
                  "speed": "fast",
                  "pass": true,
                  "fail": false,
                  "pending": false,
                  "context": null,
                  "code": "Cypress.Commands.add('console', {\n  prevSubject: true\n}, (subject, method) => {\n  // the previous subject is automatically received\n  // and the commands arguments are shifted\n  // allow us to change the console method used\n  method = method || 'log';\n  // log the subject to the console\n  console[method]('The subject is', subject);\n  // whatever we return becomes the new subject\n  // we don't want to change the subject so\n  // we return whatever was passed in\n  return subject;\n});\ncy.get('button').console('info').then($button => {\n  // subject is still $button\n});",
                  "err": {},
                  "uuid": "85eee39a-f08c-4329-b376-c12dfdd69c82",
                  "parentUUID": "6493962c-fee7-4c67-b719-ce5053cc7827",
                  "isHook": false,
                  "skipped": false
                }
              ],
              "suites": [],
              "passes": [
                "85eee39a-f08c-4329-b376-c12dfdd69c82"
              ],
              "failures": [],
              "pending": [],
              "skipped": [],
              "duration": 217,
              "root": false,
              "rootEmpty": false,
              "_timeout": 2000
            },
            {
              "uuid": "5cf65502-4fc3-4654-99e2-57119de3fc76",
              "title": "Cypress.Cookies",
              "fullFile": "",
              "file": "",
              "beforeHooks": [],
              "afterHooks": [],
              "tests": [
                {
                  "title": ".debug() - enable or disable debugging",
                  "fullTitle": "Cypress APIs Cypress.Cookies .debug() - enable or disable debugging",
                  "timedOut": null,
                  "duration": 198,
                  "state": "passed",
                  "speed": "fast",
                  "pass": true,
                  "fail": false,
                  "pending": false,
                  "context": null,
                  "code": "Cypress.Cookies.debug(true);\n// Cypress will now log in the console when\n// cookies are set or cleared\ncy.setCookie('fakeCookie', '123ABC');\ncy.clearCookie('fakeCookie');\ncy.setCookie('fakeCookie', '123ABC');\ncy.clearCookie('fakeCookie');\ncy.setCookie('fakeCookie', '123ABC');",
                  "err": {},
                  "uuid": "8fe50082-5af6-40d0-abb0-f7c0719de0e5",
                  "parentUUID": "5cf65502-4fc3-4654-99e2-57119de3fc76",
                  "isHook": false,
                  "skipped": false
                }
              ],
              "suites": [],
              "passes": [
                "8fe50082-5af6-40d0-abb0-f7c0719de0e5"
              ],
              "failures": [],
              "pending": [],
              "skipped": [],
              "duration": 198,
              "root": false,
              "rootEmpty": false,
              "_timeout": 2000
            },
            {
              "uuid": "54b3e914-56ce-428f-82bf-6bc9148c924b",
              "title": "Cypress.arch",
              "fullFile": "",
              "file": "",
              "beforeHooks": [],
              "afterHooks": [],
              "tests": [
                {
                  "title": "Get CPU architecture name of underlying OS",
                  "fullTitle": "Cypress APIs Cypress.arch Get CPU architecture name of underlying OS",
                  "timedOut": null,
                  "duration": 89,
                  "state": "passed",
                  "speed": "fast",
                  "pass": true,
                  "fail": false,
                  "pending": false,
                  "context": null,
                  "code": "// https://on.cypress.io/arch\nexpect(Cypress.arch).to.exist;",
                  "err": {},
                  "uuid": "58cf9759-6a58-4100-8386-f3a04ab86fd0",
                  "parentUUID": "54b3e914-56ce-428f-82bf-6bc9148c924b",
                  "isHook": false,
                  "skipped": false
                }
              ],
              "suites": [],
              "passes": [
                "58cf9759-6a58-4100-8386-f3a04ab86fd0"
              ],
              "failures": [],
              "pending": [],
              "skipped": [],
              "duration": 89,
              "root": false,
              "rootEmpty": false,
              "_timeout": 2000
            },
            {
              "uuid": "c46097a5-cfdc-4c1d-958d-e8ca569ada9f",
              "title": "Cypress.config()",
              "fullFile": "",
              "file": "",
              "beforeHooks": [],
              "afterHooks": [],
              "tests": [
                {
                  "title": "Get and set configuration options",
                  "fullTitle": "Cypress APIs Cypress.config() Get and set configuration options",
                  "timedOut": null,
                  "duration": 101,
                  "state": "passed",
                  "speed": "fast",
                  "pass": true,
                  "fail": false,
                  "pending": false,
                  "context": null,
                  "code": "// https://on.cypress.io/config\nlet myConfig = Cypress.config();\nexpect(myConfig).to.have.property('animationDistanceThreshold', 5);\nexpect(myConfig).to.have.property('baseUrl', null);\nexpect(myConfig).to.have.property('defaultCommandTimeout', 4000);\nexpect(myConfig).to.have.property('requestTimeout', 5000);\nexpect(myConfig).to.have.property('responseTimeout', 30000);\nexpect(myConfig).to.have.property('viewportHeight', 660);\nexpect(myConfig).to.have.property('viewportWidth', 1000);\nexpect(myConfig).to.have.property('pageLoadTimeout', 60000);\nexpect(myConfig).to.have.property('waitForAnimations', true);\nexpect(Cypress.config('pageLoadTimeout')).to.eq(60000);\n// this will change the config for the rest of your tests!\nCypress.config('pageLoadTimeout', 20000);\nexpect(Cypress.config('pageLoadTimeout')).to.eq(20000);\nCypress.config('pageLoadTimeout', 60000);",
                  "err": {},
                  "uuid": "77f7e75b-6968-4821-a997-0b251482f0d1",
                  "parentUUID": "c46097a5-cfdc-4c1d-958d-e8ca569ada9f",
                  "isHook": false,
                  "skipped": false
                }
              ],
              "suites": [],
              "passes": [
                "77f7e75b-6968-4821-a997-0b251482f0d1"
              ],
              "failures": [],
              "pending": [],
              "skipped": [],
              "duration": 101,
              "root": false,
              "rootEmpty": false,
              "_timeout": 2000
            },
            {
              "uuid": "cce95ffb-3a08-456b-90ac-232d6d001a84",
              "title": "Cypress.dom",
              "fullFile": "",
              "file": "",
              "beforeHooks": [],
              "afterHooks": [],
              "tests": [
                {
                  "title": ".isHidden() - determine if a DOM element is hidden",
                  "fullTitle": "Cypress APIs Cypress.dom .isHidden() - determine if a DOM element is hidden",
                  "timedOut": null,
                  "duration": 91,
                  "state": "passed",
                  "speed": "fast",
                  "pass": true,
                  "fail": false,
                  "pending": false,
                  "context": null,
                  "code": "let hiddenP = Cypress.$('.dom-p p.hidden').get(0);\nlet visibleP = Cypress.$('.dom-p p.visible').get(0);\n// our first paragraph has css class 'hidden'\nexpect(Cypress.dom.isHidden(hiddenP)).to.be.true;\nexpect(Cypress.dom.isHidden(visibleP)).to.be.false;",
                  "err": {},
                  "uuid": "0a1f3ecb-44f1-4dea-b74b-03aed544e96b",
                  "parentUUID": "cce95ffb-3a08-456b-90ac-232d6d001a84",
                  "isHook": false,
                  "skipped": false
                }
              ],
              "suites": [],
              "passes": [
                "0a1f3ecb-44f1-4dea-b74b-03aed544e96b"
              ],
              "failures": [],
              "pending": [],
              "skipped": [],
              "duration": 91,
              "root": false,
              "rootEmpty": false,
              "_timeout": 2000
            },
            {
              "uuid": "52592ca4-0773-41ef-9438-519eff7c1af5",
              "title": "Cypress.env()",
              "fullFile": "",
              "file": "",
              "beforeHooks": [],
              "afterHooks": [],
              "tests": [
                {
                  "title": "Get environment variables",
                  "fullTitle": "Cypress APIs Cypress.env() Get environment variables",
                  "timedOut": null,
                  "duration": 83,
                  "state": "passed",
                  "speed": "fast",
                  "pass": true,
                  "fail": false,
                  "pending": false,
                  "context": null,
                  "code": "// https://on.cypress.io/env\n// set multiple environment variables\nCypress.env({\n  host: 'veronica.dev.local',\n  api_server: 'http://localhost:8888/v1/'\n});\n// get environment variable\nexpect(Cypress.env('host')).to.eq('veronica.dev.local');\n// set environment variable\nCypress.env('api_server', 'http://localhost:8888/v2/');\nexpect(Cypress.env('api_server')).to.eq('http://localhost:8888/v2/');\n// get all environment variable\nexpect(Cypress.env()).to.have.property('host', 'veronica.dev.local');\nexpect(Cypress.env()).to.have.property('api_server', 'http://localhost:8888/v2/');",
                  "err": {},
                  "uuid": "f6e3161f-5931-46dd-91c6-290c0cf7a236",
                  "parentUUID": "52592ca4-0773-41ef-9438-519eff7c1af5",
                  "isHook": false,
                  "skipped": false
                }
              ],
              "suites": [],
              "passes": [
                "f6e3161f-5931-46dd-91c6-290c0cf7a236"
              ],
              "failures": [],
              "pending": [],
              "skipped": [],
              "duration": 83,
              "root": false,
              "rootEmpty": false,
              "_timeout": 2000
            },
            {
              "uuid": "ce77fcf5-19b5-4444-a5fe-05edc4aec5a3",
              "title": "Cypress.log",
              "fullFile": "",
              "file": "",
              "beforeHooks": [],
              "afterHooks": [],
              "tests": [
                {
                  "title": "Control what is printed to the Command Log",
                  "fullTitle": "Cypress APIs Cypress.log Control what is printed to the Command Log",
                  "timedOut": null,
                  "duration": 83,
                  "state": "passed",
                  "speed": "fast",
                  "pass": true,
                  "fail": false,
                  "pending": false,
                  "context": null,
                  "code": "// https://on.cypress.io/cypress-log",
                  "err": {},
                  "uuid": "d0f03fbd-7a09-40fb-88e5-fc9299601930",
                  "parentUUID": "ce77fcf5-19b5-4444-a5fe-05edc4aec5a3",
                  "isHook": false,
                  "skipped": false
                }
              ],
              "suites": [],
              "passes": [
                "d0f03fbd-7a09-40fb-88e5-fc9299601930"
              ],
              "failures": [],
              "pending": [],
              "skipped": [],
              "duration": 83,
              "root": false,
              "rootEmpty": false,
              "_timeout": 2000
            },
            {
              "uuid": "0f064d44-78f2-4ca7-a222-a29da0810d11",
              "title": "Cypress.platform",
              "fullFile": "",
              "file": "",
              "beforeHooks": [],
              "afterHooks": [],
              "tests": [
                {
                  "title": "Get underlying OS name",
                  "fullTitle": "Cypress APIs Cypress.platform Get underlying OS name",
                  "timedOut": null,
                  "duration": 103,
                  "state": "passed",
                  "speed": "fast",
                  "pass": true,
                  "fail": false,
                  "pending": false,
                  "context": null,
                  "code": "// https://on.cypress.io/platform\nexpect(Cypress.platform).to.be.exist;",
                  "err": {},
                  "uuid": "3fdeb01e-40ae-4c96-8fb2-3fb58cdd50a5",
                  "parentUUID": "0f064d44-78f2-4ca7-a222-a29da0810d11",
                  "isHook": false,
                  "skipped": false
                }
              ],
              "suites": [],
              "passes": [
                "3fdeb01e-40ae-4c96-8fb2-3fb58cdd50a5"
              ],
              "failures": [],
              "pending": [],
              "skipped": [],
              "duration": 103,
              "root": false,
              "rootEmpty": false,
              "_timeout": 2000
            },
            {
              "uuid": "d5d41814-9496-43f1-8839-3092c3ae6a16",
              "title": "Cypress.version",
              "fullFile": "",
              "file": "",
              "beforeHooks": [],
              "afterHooks": [],
              "tests": [
                {
                  "title": "Get current version of Cypress being run",
                  "fullTitle": "Cypress APIs Cypress.version Get current version of Cypress being run",
                  "timedOut": null,
                  "duration": 81,
                  "state": "passed",
                  "speed": "fast",
                  "pass": true,
                  "fail": false,
                  "pending": false,
                  "context": null,
                  "code": "// https://on.cypress.io/version\nexpect(Cypress.version).to.be.exist;",
                  "err": {},
                  "uuid": "72e739b4-e715-4bba-9e12-4905ecac7dbe",
                  "parentUUID": "d5d41814-9496-43f1-8839-3092c3ae6a16",
                  "isHook": false,
                  "skipped": false
                }
              ],
              "suites": [],
              "passes": [
                "72e739b4-e715-4bba-9e12-4905ecac7dbe"
              ],
              "failures": [],
              "pending": [],
              "skipped": [],
              "duration": 81,
              "root": false,
              "rootEmpty": false,
              "_timeout": 2000
            },
            {
              "uuid": "9c05e06a-58de-4160-b8a9-b97807dfe76f",
              "title": "Cypress.spec",
              "fullFile": "",
              "file": "",
              "beforeHooks": [],
              "afterHooks": [],
              "tests": [
                {
                  "title": "Get current spec information",
                  "fullTitle": "Cypress APIs Cypress.spec Get current spec information",
                  "timedOut": null,
                  "duration": 85,
                  "state": "passed",
                  "speed": "fast",
                  "pass": true,
                  "fail": false,
                  "pending": false,
                  "context": null,
                  "code": "// https://on.cypress.io/spec\n// wrap the object so we can inspect it easily by clicking in the command log\ncy.wrap(Cypress.spec).should('include.keys', ['name', 'relative', 'absolute']);",
                  "err": {},
                  "uuid": "51fc9a5c-e952-4b54-9409-15fba4c7ceac",
                  "parentUUID": "9c05e06a-58de-4160-b8a9-b97807dfe76f",
                  "isHook": false,
                  "skipped": false
                }
              ],
              "suites": [],
              "passes": [
                "51fc9a5c-e952-4b54-9409-15fba4c7ceac"
              ],
              "failures": [],
              "pending": [],
              "skipped": [],
              "duration": 85,
              "root": false,
              "rootEmpty": false,
              "_timeout": 2000
            }
          ],
          "passes": [],
          "failures": [],
          "pending": [],
          "skipped": [],
          "duration": 0,
          "root": false,
          "rootEmpty": false,
          "_timeout": 2000
        }
      ],
      "passes": [],
      "failures": [],
      "pending": [],
      "skipped": [],
      "duration": 0,
      "root": true,
      "rootEmpty": true,
      "_timeout": 2000
    }
  ],
  "meta": {
    "mocha": {
      "version": "7.0.1"
    },
    "mochawesome": {
      "options": {
        "quiet": false,
        "reportFilename": "mochawesome",
        "saveHtml": true,
        "saveJson": true,
        "consoleReporter": "spec",
        "useInlineDiffs": false,
        "code": true
      },
      "version": "7.1.3"
    },
    "marge": {
      "options": {
        "reportDir": "cypress/reports",
        "overwrite": false,
        "html": true,
        "json": true
      },
      "version": "6.2.0"
    }
  }
}