{
  "stats": {
    "suites": 1,
    "tests": 14,
    "passes": 14,
    "pending": 0,
    "failures": 0,
    "start": "2024-11-03T09:20:09.848Z",
    "end": "2024-11-03T09:20:23.082Z",
    "duration": 13234,
    "testsRegistered": 14,
    "passPercent": 100,
    "pendingPercent": 0,
    "other": 0,
    "hasOther": false,
    "skipped": 0,
    "hasSkipped": false
  },
  "results": [
    {
      "uuid": "f5be8505-37be-415d-9859-0feb655c8525",
      "title": "",
      "fullFile": "cypress\\e2e\\2-advanced-examples\\actions.cy.js",
      "file": "cypress\\e2e\\2-advanced-examples\\actions.cy.js",
      "beforeHooks": [],
      "afterHooks": [],
      "tests": [],
      "suites": [
        {
          "uuid": "530ad1d9-a655-464f-927d-e7e226c5efbd",
          "title": "Actions",
          "fullFile": "",
          "file": "",
          "beforeHooks": [],
          "afterHooks": [],
          "tests": [
            {
              "title": ".type() - type into a DOM element",
              "fullTitle": "Actions .type() - type into a DOM element",
              "timedOut": null,
              "duration": 3710,
              "state": "passed",
              "speed": "fast",
              "pass": true,
              "fail": false,
              "pending": false,
              "context": null,
              "code": "// https://on.cypress.io/type\ncy.get('.action-email').type('fake@email.com');\ncy.get('.action-email').should('have.value', 'fake@email.com');\n// .type() with special character sequences\ncy.get('.action-email').type('{leftarrow}{rightarrow}{uparrow}{downarrow}');\ncy.get('.action-email').type('{del}{selectall}{backspace}');\n// .type() with key modifiers\ncy.get('.action-email').type('{alt}{option}'); //these are equivalent\ncy.get('.action-email').type('{ctrl}{control}'); //these are equivalent\ncy.get('.action-email').type('{meta}{command}{cmd}'); //these are equivalent\ncy.get('.action-email').type('{shift}');\n// Delay each keypress by 0.1 sec\ncy.get('.action-email').type('slow.typing@email.com', {\n  delay: 100\n});\ncy.get('.action-email').should('have.value', 'slow.typing@email.com');\ncy.get('.action-disabled')\n// Ignore error checking prior to type\n// like whether the input is visible or disabled\n.type('disabled error checking', {\n  force: true\n});\ncy.get('.action-disabled').should('have.value', 'disabled error checking');",
              "err": {},
              "uuid": "0ac9baf6-5076-486a-b38a-1e59e3503a9e",
              "parentUUID": "530ad1d9-a655-464f-927d-e7e226c5efbd",
              "isHook": false,
              "skipped": false
            },
            {
              "title": ".focus() - focus on a DOM element",
              "fullTitle": "Actions .focus() - focus on a DOM element",
              "timedOut": null,
              "duration": 137,
              "state": "passed",
              "speed": "fast",
              "pass": true,
              "fail": false,
              "pending": false,
              "context": null,
              "code": "// https://on.cypress.io/focus\ncy.get('.action-focus').focus();\ncy.get('.action-focus').should('have.class', 'focus').prev().should('have.attr', 'style', 'color: orange;');",
              "err": {},
              "uuid": "64b4528c-629f-4a4d-8c47-f0636ccddf34",
              "parentUUID": "530ad1d9-a655-464f-927d-e7e226c5efbd",
              "isHook": false,
              "skipped": false
            },
            {
              "title": ".blur() - blur off a DOM element",
              "fullTitle": "Actions .blur() - blur off a DOM element",
              "timedOut": null,
              "duration": 368,
              "state": "passed",
              "speed": "fast",
              "pass": true,
              "fail": false,
              "pending": false,
              "context": null,
              "code": "// https://on.cypress.io/blur\ncy.get('.action-blur').type('About to blur');\ncy.get('.action-blur').blur();\ncy.get('.action-blur').should('have.class', 'error').prev().should('have.attr', 'style', 'color: red;');",
              "err": {},
              "uuid": "ecca9381-4c20-476e-8777-f7381041dd45",
              "parentUUID": "530ad1d9-a655-464f-927d-e7e226c5efbd",
              "isHook": false,
              "skipped": false
            },
            {
              "title": ".clear() - clears an input or textarea element",
              "fullTitle": "Actions .clear() - clears an input or textarea element",
              "timedOut": null,
              "duration": 470,
              "state": "passed",
              "speed": "fast",
              "pass": true,
              "fail": false,
              "pending": false,
              "context": null,
              "code": "// https://on.cypress.io/clear\ncy.get('.action-clear').type('Clear this text');\ncy.get('.action-clear').should('have.value', 'Clear this text');\ncy.get('.action-clear').clear();\ncy.get('.action-clear').should('have.value', '');",
              "err": {},
              "uuid": "e5f297e3-83bb-41d1-a80d-0bc659b7cb9a",
              "parentUUID": "530ad1d9-a655-464f-927d-e7e226c5efbd",
              "isHook": false,
              "skipped": false
            },
            {
              "title": ".submit() - submit a form",
              "fullTitle": "Actions .submit() - submit a form",
              "timedOut": null,
              "duration": 360,
              "state": "passed",
              "speed": "fast",
              "pass": true,
              "fail": false,
              "pending": false,
              "context": null,
              "code": "// https://on.cypress.io/submit\ncy.get('.action-form').find('[type=\"text\"]').type('HALFOFF');\ncy.get('.action-form').submit();\ncy.get('.action-form').next().should('contain', 'Your form has been submitted!');",
              "err": {},
              "uuid": "88238f98-190c-4153-8549-9921fa6cdfb8",
              "parentUUID": "530ad1d9-a655-464f-927d-e7e226c5efbd",
              "isHook": false,
              "skipped": false
            },
            {
              "title": ".click() - click on a DOM element",
              "fullTitle": "Actions .click() - click on a DOM element",
              "timedOut": null,
              "duration": 1952,
              "state": "passed",
              "speed": "fast",
              "pass": true,
              "fail": false,
              "pending": false,
              "context": null,
              "code": "// https://on.cypress.io/click\ncy.get('.action-btn').click();\n// You can click on 9 specific positions of an element:\n//  -----------------------------------\n// | topLeft        top       topRight |\n// |                                   |\n// |                                   |\n// |                                   |\n// | left          center        right |\n// |                                   |\n// |                                   |\n// |                                   |\n// | bottomLeft   bottom   bottomRight |\n//  -----------------------------------\n// clicking in the center of the element is the default\ncy.get('#action-canvas').click();\ncy.get('#action-canvas').click('topLeft');\ncy.get('#action-canvas').click('top');\ncy.get('#action-canvas').click('topRight');\ncy.get('#action-canvas').click('left');\ncy.get('#action-canvas').click('right');\ncy.get('#action-canvas').click('bottomLeft');\ncy.get('#action-canvas').click('bottom');\ncy.get('#action-canvas').click('bottomRight');\n// .click() accepts an x and y coordinate\n// that controls where the click occurs :)\ncy.get('#action-canvas');\ncy.get('#action-canvas').click(80, 75); // click 80px on x coord and 75px on y coord\ncy.get('#action-canvas').click(170, 75);\ncy.get('#action-canvas').click(80, 165);\ncy.get('#action-canvas').click(100, 185);\ncy.get('#action-canvas').click(125, 190);\ncy.get('#action-canvas').click(150, 185);\ncy.get('#action-canvas').click(170, 165);\n// click multiple elements by passing multiple: true\ncy.get('.action-labels>.label').click({\n  multiple: true\n});\n// Ignore error checking prior to clicking\ncy.get('.action-opacity>.btn').click({\n  force: true\n});",
              "err": {},
              "uuid": "a4eff2bb-de60-47a3-97ea-31203a272a70",
              "parentUUID": "530ad1d9-a655-464f-927d-e7e226c5efbd",
              "isHook": false,
              "skipped": false
            },
            {
              "title": ".dblclick() - double click on a DOM element",
              "fullTitle": "Actions .dblclick() - double click on a DOM element",
              "timedOut": null,
              "duration": 158,
              "state": "passed",
              "speed": "fast",
              "pass": true,
              "fail": false,
              "pending": false,
              "context": null,
              "code": "// https://on.cypress.io/dblclick\n// Our app has a listener on 'dblclick' event in our 'scripts.js'\n// that hides the div and shows an input on double click\ncy.get('.action-div').dblclick();\ncy.get('.action-div').should('not.be.visible');\ncy.get('.action-input-hidden').should('be.visible');",
              "err": {},
              "uuid": "06ac8a78-4f2f-43b2-b977-8632701d5a25",
              "parentUUID": "530ad1d9-a655-464f-927d-e7e226c5efbd",
              "isHook": false,
              "skipped": false
            },
            {
              "title": ".rightclick() - right click on a DOM element",
              "fullTitle": "Actions .rightclick() - right click on a DOM element",
              "timedOut": null,
              "duration": 165,
              "state": "passed",
              "speed": "fast",
              "pass": true,
              "fail": false,
              "pending": false,
              "context": null,
              "code": "// https://on.cypress.io/rightclick\n// Our app has a listener on 'contextmenu' event in our 'scripts.js'\n// that hides the div and shows an input on right click\ncy.get('.rightclick-action-div').rightclick();\ncy.get('.rightclick-action-div').should('not.be.visible');\ncy.get('.rightclick-action-input-hidden').should('be.visible');",
              "err": {},
              "uuid": "092c1311-1f5a-441d-ab04-663aee199366",
              "parentUUID": "530ad1d9-a655-464f-927d-e7e226c5efbd",
              "isHook": false,
              "skipped": false
            },
            {
              "title": ".check() - check a checkbox or radio element",
              "fullTitle": "Actions .check() - check a checkbox or radio element",
              "timedOut": null,
              "duration": 764,
              "state": "passed",
              "speed": "fast",
              "pass": true,
              "fail": false,
              "pending": false,
              "context": null,
              "code": "// https://on.cypress.io/check\n// By default, .check() will check all\n// matching checkbox or radio elements in succession, one after another\ncy.get('.action-checkboxes [type=\"checkbox\"]').not('[disabled]').check();\ncy.get('.action-checkboxes [type=\"checkbox\"]').not('[disabled]').should('be.checked');\ncy.get('.action-radios [type=\"radio\"]').not('[disabled]').check();\ncy.get('.action-radios [type=\"radio\"]').not('[disabled]').should('be.checked');\n// .check() accepts a value argument\ncy.get('.action-radios [type=\"radio\"]').check('radio1');\ncy.get('.action-radios [type=\"radio\"]').should('be.checked');\n// .check() accepts an array of values\ncy.get('.action-multiple-checkboxes [type=\"checkbox\"]').check(['checkbox1', 'checkbox2']);\ncy.get('.action-multiple-checkboxes [type=\"checkbox\"]').should('be.checked');\n// Ignore error checking prior to checking\ncy.get('.action-checkboxes [disabled]').check({\n  force: true\n});\ncy.get('.action-checkboxes [disabled]').should('be.checked');\ncy.get('.action-radios [type=\"radio\"]').check('radio3', {\n  force: true\n});\ncy.get('.action-radios [type=\"radio\"]').should('be.checked');",
              "err": {},
              "uuid": "8c62c578-f193-4e24-bf74-907d74a80f41",
              "parentUUID": "530ad1d9-a655-464f-927d-e7e226c5efbd",
              "isHook": false,
              "skipped": false
            },
            {
              "title": ".uncheck() - uncheck a checkbox element",
              "fullTitle": "Actions .uncheck() - uncheck a checkbox element",
              "timedOut": null,
              "duration": 776,
              "state": "passed",
              "speed": "fast",
              "pass": true,
              "fail": false,
              "pending": false,
              "context": null,
              "code": "// https://on.cypress.io/uncheck\n// By default, .uncheck() will uncheck all matching\n// checkbox elements in succession, one after another\ncy.get('.action-check [type=\"checkbox\"]').not('[disabled]').uncheck();\ncy.get('.action-check [type=\"checkbox\"]').not('[disabled]').should('not.be.checked');\n// .uncheck() accepts a value argument\ncy.get('.action-check [type=\"checkbox\"]').check('checkbox1');\ncy.get('.action-check [type=\"checkbox\"]').uncheck('checkbox1');\ncy.get('.action-check [type=\"checkbox\"][value=\"checkbox1\"]').should('not.be.checked');\n// .uncheck() accepts an array of values\ncy.get('.action-check [type=\"checkbox\"]').check(['checkbox1', 'checkbox3']);\ncy.get('.action-check [type=\"checkbox\"]').uncheck(['checkbox1', 'checkbox3']);\ncy.get('.action-check [type=\"checkbox\"][value=\"checkbox1\"]').should('not.be.checked');\ncy.get('.action-check [type=\"checkbox\"][value=\"checkbox3\"]').should('not.be.checked');\n// Ignore error checking prior to unchecking\ncy.get('.action-check [disabled]').uncheck({\n  force: true\n});\ncy.get('.action-check [disabled]').should('not.be.checked');",
              "err": {},
              "uuid": "dcbad662-fb85-4183-85de-d95f7546ad79",
              "parentUUID": "530ad1d9-a655-464f-927d-e7e226c5efbd",
              "isHook": false,
              "skipped": false
            },
            {
              "title": ".select() - select an option in a <select> element",
              "fullTitle": "Actions .select() - select an option in a <select> element",
              "timedOut": null,
              "duration": 872,
              "state": "passed",
              "speed": "fast",
              "pass": true,
              "fail": false,
              "pending": false,
              "context": null,
              "code": "// https://on.cypress.io/select\n// at first, no option should be selected\ncy.get('.action-select').should('have.value', '--Select a fruit--');\n// Select option(s) with matching text content\ncy.get('.action-select').select('apples');\n// confirm the apples were selected\n// note that each value starts with \"fr-\" in our HTML\ncy.get('.action-select').should('have.value', 'fr-apples');\ncy.get('.action-select-multiple').select(['apples', 'oranges', 'bananas']);\ncy.get('.action-select-multiple')\n// when getting multiple values, invoke \"val\" method first\n.invoke('val').should('deep.equal', ['fr-apples', 'fr-oranges', 'fr-bananas']);\n// Select option(s) with matching value\ncy.get('.action-select').select('fr-bananas');\ncy.get('.action-select')\n// can attach an assertion right away to the element\n.should('have.value', 'fr-bananas');\ncy.get('.action-select-multiple').select(['fr-apples', 'fr-oranges', 'fr-bananas']);\ncy.get('.action-select-multiple').invoke('val').should('deep.equal', ['fr-apples', 'fr-oranges', 'fr-bananas']);\n// assert the selected values include oranges\ncy.get('.action-select-multiple').invoke('val').should('include', 'fr-oranges');",
              "err": {},
              "uuid": "653b658d-f222-4635-b3f2-12b1d3bc178d",
              "parentUUID": "530ad1d9-a655-464f-927d-e7e226c5efbd",
              "isHook": false,
              "skipped": false
            },
            {
              "title": ".scrollIntoView() - scroll an element into view",
              "fullTitle": "Actions .scrollIntoView() - scroll an element into view",
              "timedOut": null,
              "duration": 98,
              "state": "passed",
              "speed": "fast",
              "pass": true,
              "fail": false,
              "pending": false,
              "context": null,
              "code": "// https://on.cypress.io/scrollintoview\n// normally all of these buttons are hidden,\n// because they're not within\n// the viewable area of their parent\n// (we need to scroll to see them)\ncy.get('#scroll-horizontal button').should('not.be.visible');\n// scroll the button into view, as if the user had scrolled\ncy.get('#scroll-horizontal button').scrollIntoView();\ncy.get('#scroll-horizontal button').should('be.visible');\ncy.get('#scroll-vertical button').should('not.be.visible');\n// Cypress handles the scroll direction needed\ncy.get('#scroll-vertical button').scrollIntoView();\ncy.get('#scroll-vertical button').should('be.visible');\ncy.get('#scroll-both button').should('not.be.visible');\n// Cypress knows to scroll to the right and down\ncy.get('#scroll-both button').scrollIntoView();\ncy.get('#scroll-both button').should('be.visible');",
              "err": {},
              "uuid": "80f13a2f-530c-43e4-a2fc-140c0c80f0af",
              "parentUUID": "530ad1d9-a655-464f-927d-e7e226c5efbd",
              "isHook": false,
              "skipped": false
            },
            {
              "title": ".trigger() - trigger an event on a DOM element",
              "fullTitle": "Actions .trigger() - trigger an event on a DOM element",
              "timedOut": null,
              "duration": 107,
              "state": "passed",
              "speed": "fast",
              "pass": true,
              "fail": false,
              "pending": false,
              "context": null,
              "code": "// https://on.cypress.io/trigger\n// To interact with a range input (slider)\n// we need to set its value & trigger the\n// event to signal it changed\n// Here, we invoke jQuery's val() method to set\n// the value and trigger the 'change' event\ncy.get('.trigger-input-range').invoke('val', 25);\ncy.get('.trigger-input-range').trigger('change');\ncy.get('.trigger-input-range').get('input[type=range]').siblings('p').should('have.text', '25');",
              "err": {},
              "uuid": "327acc0f-9961-4cef-b971-05902a6d3566",
              "parentUUID": "530ad1d9-a655-464f-927d-e7e226c5efbd",
              "isHook": false,
              "skipped": false
            },
            {
              "title": "cy.scrollTo() - scroll the window or element to a position",
              "fullTitle": "Actions cy.scrollTo() - scroll the window or element to a position",
              "timedOut": null,
              "duration": 2105,
              "state": "passed",
              "speed": "fast",
              "pass": true,
              "fail": false,
              "pending": false,
              "context": null,
              "code": "// https://on.cypress.io/scrollto\n// You can scroll to 9 specific positions of an element:\n//  -----------------------------------\n// | topLeft        top       topRight |\n// |                                   |\n// |                                   |\n// |                                   |\n// | left          center        right |\n// |                                   |\n// |                                   |\n// |                                   |\n// | bottomLeft   bottom   bottomRight |\n//  -----------------------------------\n// if you chain .scrollTo() off of cy, we will\n// scroll the entire window\ncy.scrollTo('bottom');\ncy.get('#scrollable-horizontal').scrollTo('right');\n// or you can scroll to a specific coordinate:\n// (x axis, y axis) in pixels\ncy.get('#scrollable-vertical').scrollTo(250, 250);\n// or you can scroll to a specific percentage\n// of the (width, height) of the element\ncy.get('#scrollable-both').scrollTo('75%', '25%');\n// control the easing of the scroll (default is 'swing')\ncy.get('#scrollable-vertical').scrollTo('center', {\n  easing: 'linear'\n});\n// control the duration of the scroll (in ms)\ncy.get('#scrollable-both').scrollTo('center', {\n  duration: 2000\n});",
              "err": {},
              "uuid": "d42fe94e-ccdc-40ac-b265-82b8dc5ebca3",
              "parentUUID": "530ad1d9-a655-464f-927d-e7e226c5efbd",
              "isHook": false,
              "skipped": false
            }
          ],
          "suites": [],
          "passes": [
            "0ac9baf6-5076-486a-b38a-1e59e3503a9e",
            "64b4528c-629f-4a4d-8c47-f0636ccddf34",
            "ecca9381-4c20-476e-8777-f7381041dd45",
            "e5f297e3-83bb-41d1-a80d-0bc659b7cb9a",
            "88238f98-190c-4153-8549-9921fa6cdfb8",
            "a4eff2bb-de60-47a3-97ea-31203a272a70",
            "06ac8a78-4f2f-43b2-b977-8632701d5a25",
            "092c1311-1f5a-441d-ab04-663aee199366",
            "8c62c578-f193-4e24-bf74-907d74a80f41",
            "dcbad662-fb85-4183-85de-d95f7546ad79",
            "653b658d-f222-4635-b3f2-12b1d3bc178d",
            "80f13a2f-530c-43e4-a2fc-140c0c80f0af",
            "327acc0f-9961-4cef-b971-05902a6d3566",
            "d42fe94e-ccdc-40ac-b265-82b8dc5ebca3"
          ],
          "failures": [],
          "pending": [],
          "skipped": [],
          "duration": 12042,
          "root": false,
          "rootEmpty": false,
          "_timeout": 2000
        }
      ],
      "passes": [],
      "failures": [],
      "pending": [],
      "skipped": [],
      "duration": 0,
      "root": true,
      "rootEmpty": true,
      "_timeout": 2000
    }
  ],
  "meta": {
    "mocha": {
      "version": "7.0.1"
    },
    "mochawesome": {
      "options": {
        "quiet": false,
        "reportFilename": "mochawesome",
        "saveHtml": true,
        "saveJson": true,
        "consoleReporter": "spec",
        "useInlineDiffs": false,
        "code": true
      },
      "version": "7.1.3"
    },
    "marge": {
      "options": {
        "reportDir": "cypress/reports",
        "overwrite": false,
        "html": true,
        "json": true
      },
      "version": "6.2.0"
    }
  }
}