{
  "stats": {
    "suites": 1,
    "tests": 3,
    "passes": 3,
    "pending": 0,
    "failures": 0,
    "start": "2024-11-03T09:31:18.442Z",
    "end": "2024-11-03T09:31:19.999Z",
    "duration": 1557,
    "testsRegistered": 3,
    "passPercent": 100,
    "pendingPercent": 0,
    "other": 0,
    "hasOther": false,
    "skipped": 0,
    "hasSkipped": false
  },
  "results": [
    {
      "uuid": "4707f6b8-1dde-4ed8-af51-f52fe918425c",
      "title": "",
      "fullFile": "cypress\\e2e\\2-advanced-examples\\location.cy.js",
      "file": "cypress\\e2e\\2-advanced-examples\\location.cy.js",
      "beforeHooks": [],
      "afterHooks": [],
      "tests": [],
      "suites": [
        {
          "uuid": "a7d63444-f070-43d1-8f2f-56d84348fa90",
          "title": "Location",
          "fullFile": "",
          "file": "",
          "beforeHooks": [],
          "afterHooks": [],
          "tests": [
            {
              "title": "cy.hash() - get the current URL hash",
              "fullTitle": "Location cy.hash() - get the current URL hash",
              "timedOut": null,
              "duration": 287,
              "state": "passed",
              "speed": "fast",
              "pass": true,
              "fail": false,
              "pending": false,
              "context": null,
              "code": "// https://on.cypress.io/hash\ncy.hash().should('be.empty');",
              "err": {},
              "uuid": "109d7adc-39e6-42af-83a4-1344e653f54f",
              "parentUUID": "a7d63444-f070-43d1-8f2f-56d84348fa90",
              "isHook": false,
              "skipped": false
            },
            {
              "title": "cy.location() - get window.location",
              "fullTitle": "Location cy.location() - get window.location",
              "timedOut": null,
              "duration": 209,
              "state": "passed",
              "speed": "fast",
              "pass": true,
              "fail": false,
              "pending": false,
              "context": null,
              "code": "// https://on.cypress.io/location\ncy.location().should(location => {\n  expect(location.hash).to.be.empty;\n  expect(location.href).to.eq('https://example.cypress.io/commands/location');\n  expect(location.host).to.eq('example.cypress.io');\n  expect(location.hostname).to.eq('example.cypress.io');\n  expect(location.origin).to.eq('https://example.cypress.io');\n  expect(location.pathname).to.eq('/commands/location');\n  expect(location.port).to.eq('');\n  expect(location.protocol).to.eq('https:');\n  expect(location.search).to.be.empty;\n});",
              "err": {},
              "uuid": "e6732287-0ed4-460e-9349-451f9653296e",
              "parentUUID": "a7d63444-f070-43d1-8f2f-56d84348fa90",
              "isHook": false,
              "skipped": false
            },
            {
              "title": "cy.url() - get the current URL",
              "fullTitle": "Location cy.url() - get the current URL",
              "timedOut": null,
              "duration": 92,
              "state": "passed",
              "speed": "fast",
              "pass": true,
              "fail": false,
              "pending": false,
              "context": null,
              "code": "// https://on.cypress.io/url\ncy.url().should('eq', 'https://example.cypress.io/commands/location');",
              "err": {},
              "uuid": "f152e7d1-6107-4da2-9728-ded8157a76b6",
              "parentUUID": "a7d63444-f070-43d1-8f2f-56d84348fa90",
              "isHook": false,
              "skipped": false
            }
          ],
          "suites": [],
          "passes": [
            "109d7adc-39e6-42af-83a4-1344e653f54f",
            "e6732287-0ed4-460e-9349-451f9653296e",
            "f152e7d1-6107-4da2-9728-ded8157a76b6"
          ],
          "failures": [],
          "pending": [],
          "skipped": [],
          "duration": 588,
          "root": false,
          "rootEmpty": false,
          "_timeout": 2000
        }
      ],
      "passes": [],
      "failures": [],
      "pending": [],
      "skipped": [],
      "duration": 0,
      "root": true,
      "rootEmpty": true,
      "_timeout": 2000
    }
  ],
  "meta": {
    "mocha": {
      "version": "7.0.1"
    },
    "mochawesome": {
      "options": {
        "quiet": false,
        "reportFilename": "mochawesome",
        "saveHtml": true,
        "saveJson": true,
        "consoleReporter": "spec",
        "useInlineDiffs": false,
        "code": true
      },
      "version": "7.1.3"
    },
    "marge": {
      "options": {
        "reportDir": "cypress/reports",
        "overwrite": false,
        "html": true,
        "json": true
      },
      "version": "6.2.0"
    }
  }
}